#"Step"	"Time (ps)"	"Potential Energy (kJ/mole)"	"Temperature (K)"	"Density (g/mL)"	"Speed (ns/day)"	"Time Remaining"
1000	22.00000000000035	-362470.3167799227	295.25413599276624	1.0380914341320262	0	--
2000	23.999999999999243	-361650.2143073774	300.1083146201734	1.049551471873218	8.54	2:48:02
3000	25.999999999998135	-361887.5310210808	300.14496989265075	1.0597107952079945	8.5	2:48:19
4000	27.999999999997026	-363754.96721734107	301.46837267043	1.0664127730990876	8.48	2:48:32
5000	29.999999999995918	-363404.24267795176	300.4792846590288	1.0618768003943868	8.46	2:48:34
6000	31.99999999999481	-361914.3981434349	299.96167419829254	1.0620207066818375	8.46	2:48:11
7000	33.99999999999725	-362961.96571391076	300.0509018993932	1.0619922929610381	8.45	2:47:56
8000	35.999999999999694	-363406.00048769603	299.3119086966113	1.0590710510185157	8.46	2:47:31
9000	38.00000000000214	-363036.87447296124	299.42960875227647	1.0596504678581014	8.46	2:47:13
10000	40.00000000000458	-361925.97027370095	296.85911863435945	1.0572657334548918	8.45	2:46:57
11000	42.00000000000703	-362106.3159868981	298.85157436236534	1.056728296283402	8.45	2:46:38
12000	44.00000000000947	-362706.5288947478	305.97835635980766	1.0585415619093341	8.45	2:46:18
13000	46.000000000011916	-363149.05708994577	300.15529312897957	1.0602803427860739	8.45	2:46:01
14000	48.00000000001436	-363364.3360791248	297.9052047746421	1.0626593095910226	8.45	2:45:42
15000	50.000000000016804	-361662.7745141065	299.08873305371367	1.0564053211634712	8.44	2:45:24
16000	52.00000000001925	-362018.4781901964	300.2541907019708	1.0513932865943638	8.45	2:45:02
17000	54.00000000002169	-361503.0220976832	301.48894146233937	1.0534815407164522	8.45	2:44:38
18000	56.00000000002414	-362805.5075686638	299.31446227486975	1.0598876463236626	8.45	2:44:17
19000	58.00000000002658	-362172.86994491826	299.22915905338436	1.0628653957525214	8.45	2:43:58
20000	60.000000000029026	-363549.4449941158	299.08534349531305	1.0610214976740402	8.45	2:43:38
21000	62.00000000003147	-362088.0070513623	299.5087106652648	1.0612401148128379	8.45	2:43:19
22000	64.0000000000339	-363355.8765743663	298.06872920745695	1.060190045305532	8.45	2:42:58
23000	66.00000000002925	-363418.34148665913	300.7698553402326	1.0596455938068914	8.45	2:42:38
24000	68.00000000002458	-363423.86867417657	299.3910330564595	1.0603758811074555	8.45	2:42:16
25000	70.00000000001992	-362416.7682463044	297.13620261528825	1.057191477025735	8.45	2:41:54
26000	72.00000000001526	-363099.224728376	299.78557526017124	1.0588009848873783	8.45	2:41:34
27000	74.0000000000106	-362606.88523610315	299.7467316562895	1.0578423097352312	8.45	2:41:13
28000	76.00000000000594	-362221.93393396924	300.04886895360823	1.057939004697109	8.45	2:40:53
29000	78.00000000000128	-362324.9260645308	297.9016908482935	1.0551333593827177	8.45	2:40:31
30000	79.99999999999662	-362796.3854845651	301.03023351509694	1.0577755126219037	8.45	2:40:12
31000	81.99999999999196	-362424.3642712512	299.38301413516916	1.0622660146916079	8.45	2:39:51
32000	83.9999999999873	-361064.62102806865	299.0497574287267	1.05686095735174	8.45	2:39:32
33000	85.99999999998263	-362066.7060327934	299.8292552585471	1.0607562644534736	8.45	2:39:12
34000	87.99999999997797	-362744.38029830554	300.0689355237094	1.0637591769883705	8.45	2:38:52
35000	89.99999999997331	-361720.9336365398	298.9380213366151	1.0622011872225325	8.45	2:38:32
36000	91.99999999996865	-361809.6490134881	299.02843750271745	1.057201123566241	8.45	2:38:12
37000	93.99999999996399	-363535.1985015017	298.1497045727134	1.0625149395848195	8.45	2:37:52
38000	95.99999999995933	-363263.47039739526	298.2921828806766	1.0541230192435411	8.45	2:37:32
39000	97.99999999995467	-362048.24655391334	299.975586240496	1.0575715274473931	8.45	2:37:11
40000	99.99999999995	-361635.6713885923	299.67394472486296	1.0581522341082175	8.45	2:36:50
41000	101.99999999994535	-362604.7200152723	300.44850718667476	1.0570982643864788	8.45	2:36:29
42000	103.99999999994068	-363058.402500429	298.244711953745	1.0584868411975938	8.45	2:36:07
43000	105.99999999993602	-362706.8011308236	297.0205809070796	1.0557888186656943	8.45	2:35:47
44000	107.99999999993136	-363768.81337516604	299.86768285835944	1.0618628142009756	8.45	2:35:26
45000	109.9999999999267	-363036.3022831357	300.781416672073	1.0587473334129627	8.45	2:35:06
46000	111.99999999992204	-363879.7996497634	301.58598755665645	1.0624893204425587	8.45	2:34:47
47000	113.99999999991738	-363517.6728043409	300.757841397299	1.0610785105624274	8.45	2:34:26
48000	115.99999999991272	-363120.23321757227	299.14538244682524	1.0628595275771653	8.45	2:34:05
49000	117.99999999990806	-361934.96408144105	300.948808486398	1.0608509183485946	8.45	2:33:44
50000	119.9999999999034	-362921.17914845253	299.1908424796102	1.059928009021213	8.45	2:33:24
51000	121.99999999989873	-362517.76802693587	298.43332068322997	1.0566532004830318	8.45	2:33:04
52000	123.99999999989407	-361784.0234326248	299.67687400074027	1.0562564106802301	8.45	2:32:43
53000	125.99999999988941	-363647.5570127907	302.25889803948843	1.05882573344486	8.45	2:32:23
54000	127.99999999988475	-362388.0352600771	299.0587700873307	1.0557845797061076	8.45	2:32:03
55000	129.9999999998943	-363467.7377086908	298.25958243316774	1.0607127905812654	8.45	2:31:41
56000	131.99999999990385	-363147.97599065024	300.425699366341	1.0640729079922755	8.45	2:31:22
57000	133.9999999999134	-362506.94532537216	299.7476700106941	1.0582756279560805	8.45	2:31:01
58000	135.99999999992295	-363005.695114438	298.9425040204543	1.055479247074287	8.45	2:30:40
59000	137.9999999999325	-362503.6474024501	298.57992400494896	1.0643390176263803	8.45	2:30:20
60000	139.99999999994205	-363557.18388330797	298.3036893367238	1.050470026738535	8.45	2:29:59
61000	141.9999999999516	-362559.42349949625	302.4653544861046	1.0556403368319904	8.45	2:29:38
62000	143.99999999996115	-362346.4601755117	301.5346502666492	1.0553011103343435	8.45	2:29:18
63000	145.9999999999707	-362773.39634650486	299.41294513721044	1.060016040973821	8.45	2:28:58
64000	147.99999999998025	-361287.1883897161	301.80910006134644	1.0585552530512043	8.45	2:28:38
65000	149.9999999999898	-362716.9997634413	297.6815319196768	1.0634726308191245	8.45	2:28:18
66000	151.99999999999935	-364080.83691897255	297.91442892358924	1.06293770621876	8.45	2:27:58
67000	154.0000000000089	-363403.401598953	298.6150574737179	1.0609943230128993	8.45	2:27:39
68000	156.00000000001845	-362311.54561447323	300.5096355746674	1.0628551099796133	8.45	2:27:19
69000	158.000000000028	-361839.03416773	301.4273404322789	1.0574949541084815	8.45	2:26:58
70000	160.00000000003755	-362121.4261040189	302.7804850084167	1.0579688957178353	8.44	2:26:38
71000	162.0000000000471	-362078.99720857845	300.67744765542056	1.0549870315838363	8.45	2:26:18
72000	164.00000000005664	-362817.94954213157	300.7382080358402	1.061453489387174	8.44	2:25:58
73000	166.0000000000662	-362458.1638814012	298.6993293460496	1.062504785099763	8.44	2:25:38
74000	168.00000000007574	-363139.4649438924	302.3127593805841	1.060781226899322	8.44	2:25:18
75000	170.0000000000853	-363225.98370333563	299.4088169076086	1.060602859749243	8.44	2:24:58
76000	172.00000000009484	-363596.79796929786	298.6321086949565	1.0571356218250065	8.44	2:24:37
77000	174.0000000001044	-363148.527930012	299.9596678329079	1.0604865099490082	8.44	2:24:17
78000	176.00000000011394	-363426.6833356077	300.41281860275285	1.0627588594459794	8.44	2:23:56
79000	178.0000000001235	-363528.61633613455	300.42179892817984	1.0577670105104016	8.44	2:23:36
80000	180.00000000013304	-363372.33344819077	299.73220278263784	1.0674227372976504	8.44	2:23:16
81000	182.0000000001426	-363403.90790940396	298.56883336694693	1.06634361148135	8.44	2:22:56
82000	184.00000000015214	-362807.0541907673	299.2978287235353	1.0603763278485656	8.44	2:22:35
83000	186.0000000001617	-362934.9900885311	299.6762092377265	1.0585016581635909	8.44	2:22:15
84000	188.00000000017124	-361955.89438060013	300.82017881318086	1.0543046596935892	8.44	2:21:54
85000	190.0000000001808	-363179.61451804696	299.7694714693303	1.0563041746823083	8.44	2:21:33
86000	192.00000000019034	-362033.3081999612	300.4533020188294	1.058902058355176	8.44	2:21:12
87000	194.0000000001999	-362843.7375156061	297.71236428098075	1.0549667067406272	8.44	2:20:51
88000	196.00000000020944	-362919.0100602482	302.04349431224756	1.0570920444250587	8.44	2:20:30
89000	198.000000000219	-362967.21227202757	299.0055736566288	1.0578002422028283	8.44	2:20:10
90000	200.00000000022854	-363104.47477661073	299.6377497150406	1.0609664287170713	8.45	2:19:49
91000	202.0000000002381	-362882.06056865427	297.68962078783886	1.0602153577722884	8.45	2:19:28
92000	204.00000000024764	-363281.98243996996	299.40273447398164	1.0608522440349495	8.45	2:19:08
93000	206.0000000002572	-362847.6988434846	300.8944531996285	1.0626058779395195	8.45	2:18:47
94000	208.00000000026674	-362420.3285450958	299.5091161681361	1.055643016777979	8.44	2:18:27
95000	210.0000000002763	-363993.5679224307	301.3026401589888	1.0617234461403002	8.44	2:18:07
96000	212.00000000028584	-363960.4678360512	299.06156732605166	1.0622019843842414	8.44	2:17:46
97000	214.0000000002954	-362625.8217152143	299.44048054830364	1.0609363034368198	8.44	2:17:26
98000	216.00000000030494	-363722.2267172768	298.2036022549131	1.0588735847995592	8.44	2:17:05
99000	218.0000000003145	-363399.52075143816	296.1795938766211	1.0591936519337046	8.44	2:16:45
100000	220.00000000032404	-363108.8431285706	299.32042099425746	1.0626239523750647	8.45	2:16:24
101000	222.00000000033359	-361104.21822806355	299.1651630640375	1.0550339167133038	8.44	2:16:04
102000	224.00000000034314	-363115.3248073351	298.5009973501833	1.0595048443710806	8.44	2:15:44
103000	226.00000000035268	-362485.1878316242	299.73750897913055	1.0556896725894012	8.44	2:15:23
104000	228.00000000036223	-362252.24054011836	298.96593158505107	1.0551602163358011	8.44	2:15:03
105000	230.00000000037178	-362720.79050546174	298.97220929819053	1.0603081020876945	8.44	2:14:42
106000	232.00000000038133	-362482.3789396299	300.2537678004347	1.0630913968174551	8.44	2:14:22
107000	234.00000000039088	-363704.4875143086	296.39295639470527	1.0544270631710626	8.44	2:14:02
108000	236.00000000040043	-364166.62765286065	298.93942504589546	1.06147651644735	8.44	2:13:41
109000	238.00000000040998	-363109.32012835296	298.4805210778023	1.0600666094188733	8.44	2:13:20
110000	240.00000000041953	-363331.38311936415	300.0852063449606	1.0619980263929782	8.45	2:13:00
111000	242.00000000042908	-363031.3517937794	300.9395313889628	1.0569581472434886	8.45	2:12:39
112000	244.00000000043863	-361977.30821471126	301.70387009832353	1.056793601447449	8.45	2:12:18
113000	246.00000000044818	-362391.22695668053	300.77330447243	1.0612807767660026	8.45	2:11:58
114000	248.00000000045773	-362574.9716715101	298.939904302156	1.062609187437965	8.45	2:11:37
115000	250.00000000046728	-362046.77015402704	302.0844021848974	1.0608294583337992	8.45	2:11:17
116000	252.00000000047683	-362243.18826320523	296.7959931990968	1.0597592488301817	8.45	2:10:57
117000	254.00000000048638	-361524.0354292057	298.81086351859113	1.05797487510666	8.45	2:10:36
118000	256.0000000004959	-362047.2861840646	298.2326869707225	1.0608953041915146	8.45	2:10:16
119000	258.00000000050545	-362055.4423421202	299.9280879005322	1.0620324683609654	8.44	2:09:56
120000	260.000000000515	-362114.1250424603	300.8229271462946	1.055281795103306	8.44	2:09:36
121000	262.00000000052455	-362738.1652406322	301.2600827502788	1.056376188949582	8.44	2:09:15
122000	264.0000000005341	-364073.6916251839	299.47670989771245	1.0618448741731001	8.44	2:08:55
123000	266.00000000054365	-363099.05216334155	303.01690838304927	1.0576344114081933	8.44	2:08:34
124000	268.0000000005532	-363278.95672770863	302.1253042093613	1.0599118689076572	8.44	2:08:13
125000	270.00000000056275	-363443.740297499	299.23314475532237	1.0636260908106565	8.44	2:07:53
126000	272.0000000005723	-363618.2142167763	299.5548752884373	1.0651881052667347	8.44	2:07:33
127000	274.00000000058185	-364222.722921378	300.47486208907395	1.061133006640856	8.44	2:07:13
128000	276.0000000005914	-362388.48224725993	300.6210642127862	1.060241861366645	8.44	2:06:52
129000	278.00000000060095	-362946.21242102626	304.5293492459367	1.060193046229862	8.44	2:06:32
130000	280.0000000006105	-362519.4529261278	298.13469640154517	1.056671652987753	8.44	2:06:11
131000	282.00000000062005	-363084.63296360226	298.06721761981464	1.061901495235684	8.44	2:05:51
132000	284.0000000006296	-363560.96789839125	296.68609606544834	1.0591747802182097	8.44	2:05:30
133000	286.00000000063915	-363193.86031942145	297.72161199634655	1.0564732953423743	8.44	2:05:09
134000	288.0000000006487	-362928.97888350347	301.22915249256704	1.0603789159917034	8.44	2:04:49
135000	290.00000000065825	-363110.6431473693	298.3319210976782	1.0557105794156996	8.45	2:04:28
136000	292.0000000006678	-363244.3309452115	299.13174308301024	1.0535226472670451	8.45	2:04:07
137000	294.00000000067735	-363150.3957314124	299.71832789577	1.0629371088978028	8.45	2:03:46
138000	296.0000000006869	-363833.5725735413	298.97994978977266	1.0606303840922497	8.45	2:03:26
139000	298.00000000069645	-363532.56745268864	301.17602617925314	1.060595814670573	8.45	2:03:05
140000	300.000000000706	-362515.3207615007	299.9939605731582	1.0616051902652421	8.45	2:02:45
141000	302.00000000071554	-362070.1683748597	300.3794298534789	1.0558190770155593	8.45	2:02:25
142000	304.0000000007251	-363967.4107372481	295.9457528797204	1.0606383743449932	8.45	2:02:04
143000	306.00000000073464	-363477.5406957744	298.6830938770514	1.0628489033764925	8.45	2:01:44
144000	308.0000000007442	-362041.0779453191	300.90413498994076	1.059264787980239	8.45	2:01:23
145000	310.00000000075374	-363590.67655142455	301.61533205408017	1.0615709597152772	8.45	2:01:03
146000	312.0000000007633	-362469.30874992826	300.9502051336588	1.054731839858429	8.44	2:00:43
147000	314.00000000077284	-362181.44097940467	297.70137154569437	1.0586531719961192	8.44	2:00:23
148000	316.0000000007824	-363161.10427112057	298.46693051192443	1.0611768419057945	8.44	2:00:03
149000	318.00000000079194	-363299.5802624784	299.63895079459445	1.0682552574806587	8.44	1:59:43
150000	320.0000000008015	-362567.4154671953	301.1164584278057	1.0616566016012623	8.44	1:59:22
151000	322.00000000081104	-361796.23939900816	299.71285237959995	1.0581463657902757	8.44	1:59:02
152000	324.0000000008206	-363300.45148150774	303.2965583048461	1.062563920731331	8.44	1:58:42
153000	326.00000000083014	-362083.1297684841	300.50269492882296	1.0627952916102783	8.44	1:58:22
154000	328.0000000008397	-362841.5930632848	300.3043259015365	1.0600816347106639	8.44	1:58:02
155000	330.00000000084924	-362926.0765272761	299.9546714688058	1.0581882693971498	8.44	1:57:41
156000	332.0000000008588	-362158.0455481259	300.07521360680533	1.0547308381951397	8.44	1:57:21
157000	334.00000000086834	-362605.05501274095	300.4182432751273	1.0579436951177985	8.44	1:57:00
158000	336.0000000008779	-362035.1231979898	301.5477191984227	1.0532209614348311	8.44	1:56:40
159000	338.00000000088744	-363247.86516948603	298.1681800337842	1.0542532665336208	8.44	1:56:19
160000	340.000000000897	-363627.08657073777	300.64393291804316	1.061631792215067	8.44	1:55:59
161000	342.00000000090654	-362216.4054759868	298.4028228109426	1.0608555628234697	8.44	1:55:38
162000	344.0000000009161	-362171.3590454576	298.45270478213894	1.0590921543205016	8.44	1:55:18
163000	346.00000000092564	-362825.8859750084	298.3135623414568	1.061969017468898	8.44	1:54:57
164000	348.0000000009352	-362916.13146207994	300.2711076154107	1.0591269128805683	8.44	1:54:37
165000	350.00000000094474	-362395.3516764954	301.0746763108669	1.0601157745858405	8.44	1:54:17
166000	352.0000000009543	-362992.5842320688	304.51655169741446	1.0543395586926756	8.44	1:53:56
167000	354.00000000096384	-362410.5857887108	301.02654233544894	1.0575047365333599	8.44	1:53:36
168000	356.0000000009734	-361928.3415342836	300.3020683818523	1.060200319047139	8.44	1:53:16
169000	358.00000000098294	-362259.0661509322	299.4715624958572	1.0545971781208068	8.44	1:52:55
170000	360.0000000009925	-362351.8214661178	300.552718242675	1.060606349155035	8.44	1:52:35
171000	362.00000000100204	-362604.2443490525	301.50158597067497	1.0628324483195073	8.44	1:52:15
172000	364.0000000010116	-362582.55642142746	296.010709202681	1.0638849353896296	8.44	1:51:54
173000	366.00000000102114	-362951.6689484296	300.7273613882767	1.0601676004244869	8.44	1:51:34
174000	368.0000000010307	-362372.87308704725	298.8711433215728	1.0606966845586505	8.44	1:51:14
175000	370.00000000104023	-362810.9231219748	302.15227446381635	1.0597493304558492	8.44	1:50:53
176000	372.0000000010498	-361715.18138555	298.3017252244752	1.0562129002526401	8.44	1:50:33
177000	374.00000000105933	-361716.0525967671	301.2588952237347	1.062192594963605	8.44	1:50:12
178000	376.0000000010689	-362613.70796447166	299.8327761786292	1.0596764091070792	8.44	1:49:52
179000	378.00000000107843	-364369.9088108638	300.99243113597606	1.0546975035761592	8.44	1:49:32
180000	380.000000001088	-362771.55459701474	298.62946774311473	1.0592089678518994	8.44	1:49:11
181000	382.00000000109753	-362938.92944124644	301.9249381567355	1.0592482277558555	8.44	1:48:51
182000	384.0000000011071	-361780.9869688967	299.4349501794206	1.0564608164029916	8.44	1:48:30
183000	386.00000000111663	-362961.71699823695	297.8255152043051	1.0608073224206542	8.44	1:48:10
184000	388.0000000011262	-363743.7061688795	301.29919961914567	1.0686416069950806	8.44	1:47:49
185000	390.00000000113573	-363119.0160015574	304.0091966303579	1.0627530776821095	8.44	1:47:29
186000	392.0000000011453	-363586.20710934466	298.18900574431984	1.0607505943806954	8.44	1:47:09
187000	394.00000000115483	-363818.51229734765	297.1690775659615	1.0579027235375351	8.44	1:46:48
188000	396.0000000011644	-363468.0774460157	300.04255782919745	1.061570540158152	8.44	1:46:28
189000	398.00000000117393	-363345.16124034615	298.366292801322	1.0594154065847177	8.44	1:46:07
190000	400.0000000011835	-362065.2022444638	297.765689283208	1.0566821256185983	8.44	1:45:47
191000	402.00000000119303	-362348.74395715515	303.651082541138	1.062159468520229	8.44	1:45:26
192000	404.0000000012026	-362136.4167337361	299.81625496966427	1.057360265766888	8.44	1:45:06
193000	406.00000000121213	-361648.3197560479	298.39939580521246	1.0535175685188982	8.44	1:44:45
194000	408.0000000012217	-362093.8516813696	298.3501133757298	1.0563548357374064	8.44	1:44:25
195000	410.00000000123123	-363704.107998707	298.1897031724865	1.0577594827243348	8.44	1:44:04
196000	412.0000000012408	-363127.865453148	301.53414984085066	1.0541486390142598	8.44	1:43:44
197000	414.0000000012503	-363308.5473712232	299.7315467857968	1.053035710596798	8.44	1:43:24
198000	416.0000000012599	-361707.7221692269	298.91058093650594	1.0502695777844882	8.44	1:43:03
199000	418.0000000012694	-362968.0095010711	299.4196215730247	1.0574575606905179	8.44	1:42:43
200000	420.000000001279	-363479.44038970064	300.5493342684665	1.0617480306636458	8.44	1:42:22
201000	422.0000000012885	-362266.41543622426	299.52446972844217	1.0597441560759642	8.44	1:42:02
202000	424.0000000012981	-362116.94429407583	298.28585182440645	1.0616640772078019	8.44	1:41:42
203000	426.0000000013076	-363271.2167803225	300.1881849277192	1.0558764092396664	8.44	1:41:21
204000	428.0000000013172	-363280.06969996676	298.4712314221159	1.0595170474819593	8.44	1:41:01
205000	430.0000000013267	-363098.7349509591	299.55665019431797	1.0576456204032447	8.44	1:40:40
206000	432.0000000013363	-362778.6287414015	299.80951670124773	1.0574455268311245	8.44	1:40:20
207000	434.0000000013458	-363418.3365614355	298.21640156500285	1.057792364040128	8.44	1:40:00
208000	436.0000000013554	-363443.78258508485	297.8460677725603	1.0590838813935126	8.44	1:39:40
209000	438.0000000013649	-362343.58662573295	300.6142894159109	1.0585563627424774	8.44	1:39:19
210000	440.0000000013745	-361460.30350529804	299.98688909768646	1.0608996645068183	8.44	1:38:59
211000	442.000000001384	-363557.5367518506	296.6713072520431	1.0615478404273135	8.44	1:38:38
212000	444.0000000013936	-363582.2525016361	301.07480005431574	1.0654123333841032	8.44	1:38:18
213000	446.0000000014031	-362524.1603940399	298.09440468770225	1.0574297688104266	8.44	1:37:57
214000	448.0000000014127	-362116.41294345097	299.1121631683614	1.0539533107351837	8.44	1:37:37
215000	450.0000000014222	-363996.34481988347	298.08640014712745	1.056140938601493	8.44	1:37:16
216000	452.0000000014318	-362303.2619982541	297.9713728150136	1.060406651541549	8.44	1:36:56
217000	454.0000000014413	-363118.530145302	302.6461791966484	1.063788143341897	8.44	1:36:35
218000	456.00000000145087	-363287.3187314635	301.77409344806074	1.0664780346045413	8.44	1:36:15
219000	458.0000000014604	-363043.5885191829	301.7324222095385	1.0585433559230641	8.44	1:35:54
220000	460.00000000146997	-362951.29715450417	299.3118176751326	1.053836473949555	8.44	1:35:34
221000	462.0000000014795	-362354.4564096432	300.5648526602093	1.0569694914685395	8.44	1:35:13
222000	464.00000000148907	-362319.6291099515	302.07664495734815	1.059423785154298	8.44	1:34:53
223000	466.0000000014986	-361571.059866144	298.5678177068425	1.057677835810596	8.44	1:34:32
224000	468.00000000150817	-362575.00356385537	297.6086121580082	1.0607212849004912	8.44	1:34:12
225000	470.0000000015177	-362001.2510015596	302.6168858765235	1.0593400403558464	8.44	1:33:52
226000	472.00000000152727	-362968.1785054749	301.71330330827664	1.0594764602307587	8.44	1:33:31
227000	474.0000000015368	-362992.73199139535	300.15732926134876	1.0607126981590573	8.44	1:33:11
228000	476.00000000154637	-363021.6519757883	300.39830446136324	1.0602743992858348	8.44	1:32:50
229000	478.0000000015559	-363123.99806446297	303.5803069076365	1.0648413267419483	8.44	1:32:30
230000	480.00000000156547	-362413.95542065054	299.62165886044187	1.0568841907363948	8.44	1:32:09
231000	482.000000001575	-362180.11298625846	301.69183291081526	1.0594519337596677	8.44	1:31:49
232000	484.00000000158457	-362165.2505693042	303.36368486942587	1.057545283182644	8.44	1:31:28
233000	486.0000000015941	-362480.7641275128	301.11573954360733	1.0535282819673502	8.44	1:31:08
234000	488.00000000160367	-362807.57067538117	297.99297465225413	1.058530775245696	8.44	1:30:47
235000	490.0000000016132	-362429.8864722411	300.41451435433265	1.0599278512695844	8.44	1:30:27
236000	492.00000000162277	-363885.7048889801	297.282158840214	1.0596239113459571	8.44	1:30:06
237000	494.0000000016323	-362398.09102136234	300.231522573998	1.0565071615089856	8.44	1:29:46
238000	496.00000000164187	-363265.32917269925	299.4244901018313	1.0594449014981957	8.44	1:29:25
239000	498.0000000016514	-363287.27830647846	300.94275721358184	1.0580949708056187	8.44	1:29:05
240000	500.00000000166096	-362039.6974767412	299.3773724061184	1.062770495036992	8.44	1:28:44
241000	502.0000000016705	-362859.50460484665	298.9946959434602	1.0581653456143296	8.44	1:28:24
242000	504.00000000168006	-361840.5356116102	298.800242159513	1.0564635391668613	8.44	1:28:03
243000	506.0000000016896	-362788.16677628906	301.5260663676232	1.0595287095511994	8.44	1:27:43
244000	508.00000000169916	-362735.4664468682	300.6397166063863	1.0585507316716165	8.44	1:27:23
245000	510.0000000017087	-362657.3632614964	300.16717625935195	1.061904154250031	8.44	1:27:02
246000	512.0000000017183	-362448.77898460237	302.6052378592686	1.0615638108041479	8.44	1:26:42
247000	514.000000001671	-362472.85088982736	300.2456512687892	1.0585585049303545	8.44	1:26:21
248000	516.0000000016237	-362395.83124640945	299.2576278394107	1.0526645633478855	8.44	1:26:01
249000	518.0000000015764	-361694.27370931755	300.027533570531	1.0579149078938501	8.44	1:25:40
250000	520.0000000015291	-362670.7218240851	301.4550111153665	1.0547196695463132	8.44	1:25:20
251000	522.0000000014818	-362970.387558185	300.0961396462064	1.0578385621479005	8.44	1:24:59
252000	524.0000000014345	-362774.7975775954	299.12061484445053	1.052496215646568	8.44	1:24:39
253000	526.0000000013872	-362216.4650297298	300.97579720189896	1.0541337448890264	8.44	1:24:18
254000	528.0000000013399	-361648.36268247286	302.35039312572053	1.0561380081576242	8.44	1:23:58
255000	530.0000000012926	-362598.5259822112	299.7942934470237	1.0573622339357962	8.44	1:23:38
256000	532.0000000012453	-362649.48849139357	299.40904289615963	1.0597682457645978	8.44	1:23:17
257000	534.000000001198	-362699.35164830094	297.72560669384205	1.055804719365831	8.44	1:22:57
258000	536.0000000011507	-362141.27287127107	299.4938900558737	1.0615026948306183	8.44	1:22:36
259000	538.0000000011034	-362650.520397225	297.16170497685727	1.0611080527644485	8.44	1:22:16
260000	540.0000000010562	-363281.72051629156	298.3786983591426	1.0582279773882826	8.44	1:21:55
261000	542.0000000010089	-362952.40508775046	300.1777287840705	1.0605390411407372	8.44	1:21:35
262000	544.0000000009616	-362622.4817197094	302.86489677474896	1.058895845153745	8.44	1:21:14
263000	546.0000000009143	-363436.985196034	300.60361379503655	1.0581513114739356	8.44	1:20:54
264000	548.000000000867	-364001.0842928053	300.6755304889752	1.0591779290971313	8.44	1:20:34
265000	550.0000000008197	-363400.76991283	299.7018509170807	1.0591509800746841	8.44	1:20:13
266000	552.0000000007724	-364365.97899699555	298.87239962959836	1.0625723877239686	8.44	1:19:53
267000	554.0000000007251	-363386.53504655644	299.76880228113913	1.0626407543148109	8.44	1:19:32
268000	556.0000000006778	-362435.64387801156	300.94590072129455	1.0577207427138349	8.44	1:19:12
269000	558.0000000006305	-362875.42810189346	301.03397885849586	1.0595458552187802	8.44	1:18:51
270000	560.0000000005832	-363665.9182922828	299.8875254985736	1.0598250415371209	8.44	1:18:30
271000	562.0000000005359	-363144.55494326924	301.59011877575057	1.0550648927068398	8.44	1:18:11
272000	564.0000000004886	-362584.236260437	299.6580488456007	1.0566767312742722	8.43	1:17:51
273000	566.0000000004413	-362644.5016688604	302.00283617908207	1.0588970702849247	8.43	1:17:32
274000	568.000000000394	-362493.4647964677	299.45818068917436	1.0560033095985981	8.43	1:17:13
275000	570.0000000003467	-362902.88581424125	303.3993169431325	1.0584684086539946	8.43	1:16:54
276000	572.0000000002995	-362095.76717310376	301.98034376494604	1.05971936204275	8.42	1:16:35
277000	574.0000000002522	-363167.6812929863	300.6008396918205	1.0580011689699351	8.42	1:16:15
278000	576.0000000002049	-362951.13331110124	301.6124679630811	1.062059838864534	8.42	1:15:56
279000	578.0000000001576	-363489.7852763684	300.30456293138855	1.0628020165553815	8.42	1:15:37
280000	580.0000000001103	-363720.34475160716	298.90172822844954	1.061541432607601	8.41	1:15:18
281000	582.000000000063	-363837.2290147321	296.6123337832594	1.0668229776282088	8.41	1:14:58
282000	584.0000000000157	-364225.7815977037	297.9961743871222	1.0656018378772991	8.41	1:14:39
283000	585.9999999999684	-362467.63274842186	299.9257838769566	1.0607776518123573	8.41	1:14:20
284000	587.9999999999211	-363326.4472703778	301.44856420592845	1.0617532331928259	8.41	1:14:00
285000	589.9999999998738	-362714.2656551599	299.6948187757913	1.0641642760619812	8.4	1:13:41
286000	591.9999999998265	-362625.89169815433	302.7404356367259	1.0609470764388718	8.4	1:13:21
287000	593.9999999997792	-362586.2568858246	301.8134514702958	1.0580401375562543	8.4	1:13:02
288000	595.9999999997319	-362924.20548392506	300.5632171995614	1.0563887061627533	8.4	1:12:42
289000	597.9999999996846	-361000.4712882756	298.8241084308144	1.060584784524229	8.39	1:12:23
290000	599.9999999996373	-361438.64173226856	300.68546854079597	1.0632706829292475	8.39	1:12:03
291000	601.99999999959	-362486.38037191815	299.67775502103365	1.0605999541158078	8.39	1:11:43
292000	603.9999999995428	-363184.6161236648	299.6722349539509	1.059051649361959	8.39	1:11:24
293000	605.9999999994955	-363490.6045991843	300.9760075875106	1.0574505017479268	8.39	1:11:05
294000	607.9999999994482	-364326.2228318858	299.18530143502994	1.0578987782091291	8.38	1:10:45
295000	609.9999999994009	-362700.1123563412	302.6592672764591	1.0556903995048983	8.38	1:10:25
296000	611.9999999993536	-362835.37827604805	299.80693427251066	1.0599102468714414	8.38	1:10:05
297000	613.9999999993063	-362235.8606249045	300.9090107678678	1.0554229526300474	8.38	1:09:46
298000	615.999999999259	-363076.74084296834	301.3976331903108	1.0589011674279258	8.38	1:09:26
299000	617.9999999992117	-362351.02432689763	300.3050365041713	1.0581806235518427	8.38	1:09:06
300000	619.9999999991644	-362547.0516565405	300.9851926240621	1.0622934777322635	8.37	1:08:47
301000	621.9999999991171	-363292.99267917307	302.12040286869995	1.062206257937567	8.37	1:08:27
302000	623.9999999990698	-362459.6072487902	298.0330840205453	1.062157652361328	8.37	1:08:07
303000	625.9999999990225	-363799.5387415491	300.3108650570532	1.0552251064600375	8.37	1:07:48
304000	627.9999999989752	-362320.7965943997	302.7949291164263	1.0626954637729682	8.37	1:07:28
305000	629.9999999989279	-363318.74033133156	301.4071353512307	1.0567871654857373	8.36	1:07:08
306000	631.9999999988806	-363084.19799789	299.7285744500128	1.0628729342000767	8.36	1:06:48
307000	633.9999999988333	-361837.7932050806	299.17545702671663	1.0608711253292071	8.36	1:06:29
308000	635.999999998786	-362557.47385706403	302.32807775447816	1.0581531538799496	8.36	1:06:09
309000	637.9999999987388	-363465.58161315974	304.76489283460256	1.057156204977453	8.36	1:05:49
310000	639.9999999986915	-363589.51186222554	300.92698534849814	1.0616085351801188	8.35	1:05:29
311000	641.9999999986442	-362251.47366292484	300.5072263158967	1.0601659470874154	8.35	1:05:09
312000	643.9999999985969	-363664.40402194345	299.2286486765496	1.062250658411632	8.35	1:04:49
313000	645.9999999985496	-362591.52042513894	299.13252253833906	1.0582202584558222	8.35	1:04:30
314000	647.9999999985023	-363068.9635338808	299.24823558120636	1.0632549671185454	8.35	1:04:10
315000	649.999999998455	-362932.4937590737	298.5444208302402	1.0574403252954787	8.35	1:03:50
316000	651.9999999984077	-362787.489994313	296.0915464265078	1.0570527385311475	8.34	1:03:30
317000	653.9999999983604	-363431.3697609912	299.9469872190221	1.0543047214701569	8.34	1:03:10
318000	655.9999999983131	-362485.5096368941	298.5209054948922	1.0558414327300538	8.34	1:02:50
319000	657.9999999982658	-362883.53347819485	302.06961559631225	1.0561609296546675	8.34	1:02:30
320000	659.9999999982185	-363134.3748679802	302.07999412270243	1.0568113395440182	8.34	1:02:10
321000	661.9999999981712	-363233.83306637924	301.07306823872045	1.0584602853650102	8.34	1:01:50
322000	663.9999999981239	-363462.49665546307	300.6464158686875	1.061342930440523	8.34	1:01:30
323000	665.9999999980766	-362582.2087020903	300.74056984317707	1.0594655736610585	8.33	1:01:10
324000	667.9999999980294	-363607.31403241237	299.92867705040817	1.058578103196513	8.33	1:00:50
325000	669.9999999979821	-362714.26478575624	301.45787228516957	1.0571009341292303	8.33	1:00:29
326000	671.9999999979348	-362310.78266861785	299.1174943780664	1.054788844010751	8.33	1:00:09
327000	673.9999999978875	-362327.3334667886	300.1450727346526	1.0591110749284065	8.33	59:49
328000	675.9999999978402	-362652.95187677286	301.1762030028366	1.0587301267393143	8.33	59:29
329000	677.9999999977929	-362326.5425591679	300.6174759824323	1.0572822787754033	8.32	59:09
330000	679.9999999977456	-363470.99955670076	298.6801389618397	1.0572705652303338	8.32	58:49
331000	681.9999999976983	-362599.42483175156	298.0961575527506	1.0582333090153142	8.32	58:29
332000	683.999999997651	-363223.488394831	299.14471715658	1.0599334963924	8.32	58:08
333000	685.9999999976037	-362599.16829468793	299.8516315612815	1.061038984838253	8.32	57:48
334000	687.9999999975564	-362715.709067991	296.7804136225985	1.0619539371461273	8.32	57:28
335000	689.9999999975091	-363350.7556463026	298.1494546783009	1.0562801297421416	8.32	57:07
336000	691.9999999974618	-362848.18814734864	302.65455933426534	1.0592551132271482	8.32	56:47
337000	693.9999999974145	-362227.0501677139	300.58094824671787	1.058594887132506	8.32	56:27
338000	695.9999999973672	-362264.52617670223	299.4172171060084	1.0540191022721221	8.31	56:07
339000	697.99999999732	-363414.94846178795	297.8968261772021	1.0602295282512424	8.31	55:46
340000	699.9999999972727	-362152.9948553621	300.7476955248604	1.0560662358138921	8.31	55:26
341000	701.9999999972254	-362583.9584867093	299.0920828933018	1.0530154975247454	8.31	55:05
342000	703.9999999971781	-362419.0522836108	301.2345708905461	1.0552598819839822	8.31	54:45
343000	705.9999999971308	-363040.22630972165	299.1075178390222	1.0572598628422478	8.31	54:25
344000	707.9999999970835	-362792.47977376345	298.12393056502697	1.0594546755037377	8.31	54:04
345000	709.9999999970362	-363656.8858552552	300.57855311501055	1.0603221528629436	8.31	53:44
346000	711.9999999969889	-362874.95176165487	300.8780854567726	1.056382421580142	8.31	53:24
347000	713.9999999969416	-362808.9578396195	300.0239457883969	1.054991031694953	8.3	53:03
348000	715.9999999968943	-364208.4111048008	301.52384734109955	1.0574503136435043	8.3	52:43
349000	717.999999996847	-362966.4547631245	299.6729186145597	1.0605518240091154	8.3	52:23
350000	719.9999999967997	-363230.2026963217	299.3321509760816	1.0609026745561039	8.3	52:02
351000	721.9999999967524	-362380.8527962085	298.31631822611	1.0606223319619503	8.3	51:42
352000	723.9999999967051	-362238.26496085286	300.53198471794394	1.0598066772803627	8.3	51:21
353000	725.9999999966578	-362107.5872181839	301.3505512147069	1.0580186136212348	8.3	51:01
354000	727.9999999966105	-363225.85626415047	301.9155462832449	1.0612862960978922	8.3	50:40
355000	729.9999999965632	-362947.26059271675	302.31608749598496	1.0596656684971253	8.3	50:20
356000	731.999999996516	-363338.3487152562	300.66938025305126	1.0570096053776366	8.29	49:59
357000	733.9999999964687	-362961.9215733022	299.89167629531926	1.059594087717936	8.29	49:39
358000	735.9999999964214	-362837.97331456625	299.184439897128	1.0571046209355806	8.29	49:18
359000	737.9999999963741	-363386.696265211	299.26833310135623	1.0583859811139673	8.29	48:58
360000	739.9999999963268	-362003.2790985536	301.07021096899695	1.0552606431708302	8.29	48:37
361000	741.9999999962795	-362734.86165581155	300.38863381186775	1.0568403943595481	8.29	48:17
362000	743.9999999962322	-363113.8695931039	302.6790403387503	1.0570398714391416	8.29	47:56
363000	745.9999999961849	-362501.1505750137	298.0549931482712	1.059412462469347	8.29	47:36
364000	747.9999999961376	-361890.11388669227	300.62248810568525	1.057105003645541	8.29	47:16
365000	749.9999999960903	-362846.46339029045	300.58806129553983	1.053435968223775	8.29	46:55
366000	751.999999996043	-362891.03315918095	299.0346915520049	1.0516631312029066	8.29	46:34
367000	753.9999999959957	-362560.05750671297	301.9966864996136	1.0582502960059996	8.28	46:14
368000	755.9999999959484	-361526.5461211278	301.7768300759975	1.0570967482236655	8.28	45:53
369000	757.9999999959011	-362411.7080428463	299.9453125192818	1.0601294348568777	8.28	45:33
370000	759.9999999958538	-361469.25146334263	300.20075727059503	1.0532622877277105	8.28	45:12
371000	761.9999999958065	-362709.92625792115	299.5834318536952	1.0566378844530344	8.28	44:52
372000	763.9999999957593	-363023.3912302571	300.1186400145401	1.054971868557728	8.28	44:31
373000	765.999999995712	-362244.629574237	302.20186410541845	1.059487780131553	8.28	44:10
374000	767.9999999956647	-362301.0601414629	298.60517237604967	1.0555119270750375	8.28	43:50
375000	769.9999999956174	-362017.1296701452	299.930149405247	1.0616252493829161	8.28	43:29
376000	771.9999999955701	-363499.2043046176	298.80902021841206	1.0599996352712118	8.28	43:09
377000	773.9999999955228	-362870.1341476654	299.520785084972	1.0627505680977536	8.28	42:48
378000	775.9999999954755	-363671.0663662852	301.3231477869311	1.0577711616287016	8.27	42:27
379000	777.9999999954282	-362705.0371029195	302.9164266556376	1.0578581782698977	8.27	42:07
380000	779.9999999953809	-363331.28828281135	299.60266848579306	1.0597148810758468	8.27	41:46
381000	781.9999999953336	-363266.3430499434	300.84268656584067	1.0603900318337338	8.27	41:26
382000	783.9999999952863	-362973.2966787256	298.95788993719606	1.060285853855853	8.27	41:05
383000	785.999999995239	-363041.1202071493	300.4922440255625	1.0582192581505525	8.27	40:44
384000	787.9999999951917	-362713.29175922036	300.9002964348513	1.059114924369686	8.27	40:24
385000	789.9999999951444	-364306.0796837516	299.94265090972266	1.0631576204765867	8.27	40:03
386000	791.9999999950971	-363520.7005319887	299.00581307300894	1.0657443977276024	8.27	39:42
387000	793.9999999950498	-363253.8425515713	297.92476021936653	1.0647559909014652	8.27	39:22
388000	795.9999999950026	-361923.061027304	300.6610870655315	1.0560743765565583	8.27	39:01
389000	797.9999999949553	-362614.2255197625	302.5674177064814	1.0605283165277122	8.26	38:40
390000	799.999999994908	-362855.09471235983	300.24842060792884	1.063605278461094	8.26	38:20
391000	801.9999999948607	-362823.9921995549	297.53768285464713	1.0597303502699031	8.26	37:59
392000	803.9999999948134	-364121.162708774	300.0056425304001	1.0597216864514643	8.26	37:38
393000	805.9999999947661	-364802.5424761214	298.95487276918	1.0617334885566054	8.26	37:18
394000	807.9999999947188	-363767.6285100436	299.8318348708526	1.0605582729271983	8.26	36:57
395000	809.9999999946715	-362701.8049768801	301.3070606897837	1.0607282427953533	8.26	36:36
396000	811.9999999946242	-363585.3016908929	299.52606896472	1.0651693073618522	8.26	36:16
397000	813.9999999945769	-362303.8438545222	301.525855450379	1.0636264760324265	8.26	35:55
398000	815.9999999945296	-362438.355048047	301.589486349683	1.0607184594069992	8.26	35:34
399000	817.9999999944823	-362558.69784357614	301.52325144962145	1.0556064283850697	8.26	35:13
400000	819.999999994435	-362438.69544731255	298.8615986494629	1.0560463180627038	8.26	34:53
401000	821.9999999943877	-361668.96134937083	300.8301509335728	1.059742549157777	8.25	34:32
402000	823.9999999943404	-362768.0887364981	298.91796594912637	1.0611117979669131	8.25	34:11
403000	825.9999999942931	-362606.19661819015	301.00800814154013	1.060007453825823	8.25	33:50
404000	827.9999999942459	-362013.75448461436	301.75071703889523	1.053591097308127	8.25	33:30
405000	829.9999999941986	-361203.4534688552	300.16721721171825	1.0526217398308968	8.25	33:09
406000	831.9999999941513	-362158.2607250374	302.2094819152276	1.0562505820754513	8.25	32:48
407000	833.999999994104	-362874.26616826677	300.99560076246456	1.0559560867372006	8.25	32:27
408000	835.9999999940567	-363349.1371171617	299.03852136766585	1.062973860679453	8.25	32:07
409000	837.9999999940094	-363354.5355580803	299.3309015557403	1.0620089001384454	8.25	31:46
410000	839.9999999939621	-363119.7063777774	300.3838290935858	1.055671646160855	8.25	31:25
411000	841.9999999939148	-363263.81335512485	299.1649357698272	1.0609885446059422	8.25	31:04
412000	843.9999999938675	-363764.0380000221	301.3089015125053	1.0597003629329693	8.25	30:44
413000	845.9999999938202	-363321.94639679213	297.97699547596335	1.0612619560273107	8.25	30:23
414000	847.9999999937729	-361502.75509190635	299.0665531037119	1.058485419152256	8.24	30:02
415000	849.9999999937256	-362486.074121785	301.0054168363793	1.0568907357987192	8.24	29:41
416000	851.9999999936783	-362524.62122202327	298.3583428920325	1.0629493968117034	8.24	29:20
417000	853.999999993631	-363190.88033708715	300.53511795550276	1.0564387225284781	8.24	28:59
418000	855.9999999935837	-362898.9659389203	298.782215778301	1.0568344741634883	8.24	28:39
419000	857.9999999935364	-362383.5221111241	299.83639466491036	1.054181418027544	8.24	28:18
420000	859.9999999934892	-362377.4788611462	300.54098853740084	1.061707968367638	8.24	27:57
421000	861.9999999934419	-362354.9668168329	297.74203361540043	1.0569718535354127	8.24	27:36
422000	863.9999999933946	-363147.79609835125	301.8090981964985	1.0575308843650166	8.24	27:15
423000	865.9999999933473	-363060.7506674244	301.4035768581897	1.0525405793672107	8.24	26:55
424000	867.9999999933	-363259.9141166484	300.5941121113697	1.0612632319620645	8.24	26:34
425000	869.9999999932527	-362296.18853228417	301.2629004840089	1.0563726504781128	8.24	26:13
426000	871.9999999932054	-363545.030624562	300.4818710159887	1.06179197097123	8.24	25:52
427000	873.9999999931581	-363694.5575798233	299.1882092889671	1.0594101902318438	8.24	25:31
428000	875.9999999931108	-363652.5841498736	300.33652730409614	1.057886709164222	8.24	25:10
429000	877.9999999930635	-363602.41414310806	300.66575149386955	1.0570875666980466	8.23	24:49
430000	879.9999999930162	-362554.65085826657	299.7769159593196	1.0523582819495423	8.23	24:29
431000	881.9999999929689	-363377.45386782114	301.04990697100715	1.0596923251749115	8.23	24:08
432000	883.9999999929216	-362160.3048125574	301.2913482631021	1.0583419616560523	8.23	23:47
433000	885.9999999928743	-362978.64035508566	302.2709977462796	1.0611666943658444	8.23	23:26
434000	887.999999992827	-363990.1183695988	300.95415424047434	1.0614457033926157	8.23	23:05
435000	889.9999999927797	-362978.0135438009	298.5746339887075	1.056363320717457	8.23	22:44
436000	891.9999999927325	-363015.72742473334	298.93478310639705	1.057973890908108	8.23	22:23
437000	893.9999999926852	-362944.40440684144	299.74688985935103	1.0541337523101124	8.23	22:02
438000	895.9999999926379	-362949.1526511432	304.3195492576473	1.0586640369821971	8.23	21:41
439000	897.9999999925906	-362104.0091364855	300.79260289011376	1.057263039759584	8.23	21:21
440000	899.9999999925433	-362173.4548885977	300.26856982216054	1.057632607079703	8.23	21:00
441000	901.999999992496	-362331.4179973821	299.29491245770055	1.057908889362049	8.23	20:39
442000	903.9999999924487	-361387.36090489675	300.3902715275908	1.0570324488870122	8.23	20:18
443000	905.9999999924014	-363231.63723505347	299.27394333721475	1.0579537240248873	8.23	19:57
444000	907.9999999923541	-362885.64999434876	297.7009211219661	1.0583863807689702	8.22	19:36
445000	909.9999999923068	-363095.103016746	300.42112206722425	1.0599659313404755	8.22	19:15
446000	911.9999999922595	-362947.69332994445	300.7241546305958	1.059627570935059	8.22	18:54
447000	913.9999999922122	-362109.10025593505	303.6493748460753	1.0555859108971615	8.22	18:33
448000	915.9999999921649	-362072.24196508783	297.4671074730458	1.0572814283370562	8.22	18:12
449000	917.9999999921176	-362404.09928980394	299.75178367563905	1.0596029395329885	8.22	17:51
450000	919.9999999920703	-362220.59647461947	298.74612094927903	1.0586247155079545	8.22	17:30
451000	921.999999992023	-362400.72345366346	299.25408431405816	1.0590500133596736	8.22	17:10
452000	923.9999999919758	-362598.24970438855	301.36181130552677	1.0621326362615113	8.22	16:49
453000	925.9999999919285	-362819.4254018796	301.01062910638336	1.0611733856762189	8.22	16:28
454000	927.9999999918812	-363736.66837143403	298.5109518323115	1.0594109647530732	8.22	16:07
455000	929.9999999918339	-362472.981064129	299.51304441378034	1.0584750428857472	8.22	15:46
456000	931.9999999917866	-363035.1048936895	300.69008024743283	1.0586909151829416	8.22	15:25
457000	933.9999999917393	-363350.55279426	301.6246710841883	1.0602782510960584	8.22	15:04
458000	935.999999991692	-361563.6577164384	299.6582948022962	1.0564374777811834	8.22	14:43
459000	937.9999999916447	-361771.34119042376	303.9178732648547	1.0548674165189156	8.22	14:22
460000	939.9999999915974	-361749.3883758376	299.43882444464225	1.0555715536652752	8.22	14:01
461000	941.9999999915501	-362215.04074325535	300.74051534979736	1.0625441651495724	8.21	13:40
462000	943.9999999915028	-363098.4809771465	298.79378696084547	1.0627455363839018	8.21	13:19
463000	945.9999999914555	-362073.4110006246	299.3017576832959	1.055366041828689	8.21	12:58
464000	947.9999999914082	-363351.2766438612	300.94253784234047	1.0564945717586407	8.21	12:37
465000	949.9999999913609	-363499.3487285117	299.5445534061284	1.0596760670632621	8.21	12:16
466000	951.9999999913136	-363731.5697953511	301.3544745081576	1.0557347000805546	8.21	11:55
467000	953.9999999912663	-364186.19966928166	302.3458323341114	1.055655154868964	8.21	11:34
468000	955.999999991219	-363370.85581767536	300.97104325826433	1.0557994511356794	8.21	11:13
469000	957.9999999911718	-363318.0780855961	299.08317205161006	1.0616952422574824	8.21	10:52
470000	959.9999999911245	-363013.42341212416	301.73058339131427	1.0611912620344033	8.21	10:31
471000	961.9999999910772	-363110.85591441265	298.5083495576262	1.0584648654042832	8.21	10:10
472000	963.9999999910299	-363256.6754195911	299.4473611073905	1.0627290586070388	8.21	9:49
473000	965.9999999909826	-361561.25359487714	294.9863125339071	1.0605424525881795	8.21	9:28
474000	967.9999999909353	-362456.3073999623	300.3786384164101	1.0641548545940902	8.21	9:07
475000	969.999999990888	-362634.89858127764	301.7962202976524	1.0555620952690514	8.21	8:46
476000	971.9999999908407	-362830.5780057833	301.06666400220905	1.0599078257018375	8.21	8:25
477000	973.9999999907934	-361867.33736248314	299.92206946455326	1.0623677613467253	8.21	8:04
478000	975.9999999907461	-361109.71833531914	298.9210452031712	1.0531794229397722	8.2	7:43
479000	977.9999999906988	-361513.2684276616	301.1124172422197	1.051281300916486	8.2	7:22
480000	979.9999999906515	-362237.1632277756	299.0023359189092	1.0539235148178632	8.2	7:01
481000	981.9999999906042	-363425.521451382	299.8192998608189	1.0614726049325502	8.2	6:40
482000	983.999999990557	-363687.1923610037	299.77203537244253	1.0569220910578272	8.2	6:19
483000	985.9999999905097	-363229.9151720851	300.9481241125753	1.0510510488815994	8.2	5:58
484000	987.9999999904624	-362812.1438932517	300.21801403883194	1.0562838949324826	8.2	5:37
485000	989.9999999904151	-362739.35976712476	297.3658733954056	1.0581049444334314	8.2	5:16
486000	991.9999999903678	-363087.044959017	300.09719235312525	1.057360200466028	8.2	4:55
487000	993.9999999903205	-362558.9990409303	299.90011107131437	1.0588247173930285	8.2	4:33
488000	995.9999999902732	-362796.2844192934	300.26447045750086	1.0569400158766207	8.2	4:12
489000	997.9999999902259	-362298.6463301976	300.2041737165969	1.0601786885915163	8.2	3:51
490000	999.9999999901786	-362949.56138024665	300.59417184545725	1.0568135797980454	8.2	3:30
491000	1001.9999999901313	-362495.65423808683	300.01763089071846	1.061261995132261	8.2	3:09
492000	1003.999999990084	-363400.5949742515	300.84379261798114	1.0612208107872005	8.2	2:48
493000	1005.9999999900367	-362905.94592564163	299.9685265934386	1.0600276600023426	8.2	2:27
494000	1007.9999999899894	-362342.0656222107	298.5711974972951	1.058313217695325	8.2	2:06
495000	1009.9999999899421	-362766.2865660286	299.13349942585216	1.063504975137188	8.19	1:45
496000	1011.9999999898948	-363482.0746492363	296.6432548542018	1.0607052192088255	8.19	1:24
497000	1013.9999999898475	-361843.1445562041	299.7519859175099	1.0625131441943567	8.19	1:03
498000	1015.9999999898002	-363854.6985279846	302.8130511672654	1.0600937658208758	8.19	0:42
499000	1017.999999989753	-363033.85760785075	302.1160993202496	1.0582093045936023	8.19	0:21
500000	1019.9999999897057	-361622.09342525277	300.5016397501851	1.0565164430803875	8.19	0:00
